Using pre-set license
Built from '2020.3/china_unity/release' branch; Version is '2020.3.30f1c1 (b9cd9c36b8f8) revision 12176796'; Using compiler version '192528614'; Build Type 'Release'
OS: 'Windows 10  (10.0.19044) 64bit CoreCountrySpecific' Language: 'zh' Physical Memory: 16304 MB
BatchMode: 1, IsHumanControllingUs: 0, StartBugReporterOnCrash: 0, Is64bit: 1, IsPro: 0

COMMAND LINE ARGUMENTS:
G:\Unity\123\2020.3.30f1c1\Editor\Unity.exe
-adb2
-batchMode
-noUpm
-name
AssetImportWorker0
-projectPath
G:/第二次/A/Lei-Yang-Team/Finally Project
-logFile
Logs/AssetImportWorker0.log
-srvPort
52114
Successfully changed project path to: G:/第二次/A/Lei-Yang-Team/Finally Project
G:/第二次/A/Lei-Yang-Team/Finally Project
Using Asset Import Pipeline V2.
AS: AutoStreaming module initializing.Refreshing native plugins compatible for Editor in 53.70 ms, found 2 plugins.
Preloading 0 native plugins for Editor in 0.00 ms.
Initialize engine version: 2020.3.30f1c1 (b9cd9c36b8f8)
[Subsystems] Discovering subsystems at path G:/Unity/123/2020.3.30f1c1/Editor/Data/Resources/UnitySubsystems
[Subsystems] Discovering subsystems at path G:/第二次/A/Lei-Yang-Team/Finally Project/Assets
GfxDevice: creating device client; threaded=0
Direct3D:
    Version:  Direct3D 11.0 [level 11.1]
    Renderer: NVIDIA GeForce GTX 1650 (ID=0x1f91)
    Vendor:   
    VRAM:     3962 MB
    Driver:   30.0.14.7111
Initialize mono
Mono path[0] = 'G:/Unity/123/2020.3.30f1c1/Editor/Data/Managed'
Mono path[1] = 'G:/Unity/123/2020.3.30f1c1/Editor/Data/MonoBleedingEdge/lib/mono/unityjit'
Mono config path = 'G:/Unity/123/2020.3.30f1c1/Editor/Data/MonoBleedingEdge/etc'
Using monoOptions --debugger-agent=transport=dt_socket,embedding=1,server=y,suspend=n,address=127.0.0.1:56488
Begin MonoManager ReloadAssembly
Registering precompiled unity dll's ...
Register platform support module: G:/Unity/123/2020.3.30f1c1/Editor/Data/PlaybackEngines/WebGLSupport/UnityEditor.WebGL.Extensions.dll
Register platform support module: G:/Unity/123/2020.3.30f1c1/Editor/Data/PlaybackEngines/WindowsStandaloneSupport/UnityEditor.WindowsStandalone.Extensions.dll
Registered in 0.001673 seconds.
Native extension for WindowsStandalone target not found
Native extension for WebGL target not found
Refreshing native plugins compatible for Editor in 63.39 ms, found 2 plugins.
Preloading 0 native plugins for Editor in 0.00 ms.
Mono: successfully reloaded assembly
- Completed reload, in  0.732 seconds
Domain Reload Profiling:
	ReloadAssembly (732ms)
		BeginReloadAssembly (86ms)
			ExecutionOrderSort (0ms)
			DisableScriptedObjects (0ms)
			BackupInstance (0ms)
			ReleaseScriptingObjects (0ms)
			CreateAndSetChildDomain (1ms)
		EndReloadAssembly (566ms)
			LoadAssemblies (86ms)
			RebuildTransferFunctionScriptingTraits (0ms)
			SetupTypeCache (181ms)
			ReleaseScriptCaches (0ms)
			RebuildScriptCaches (37ms)
			SetupLoadedEditorAssemblies (224ms)
				LogAssemblyErrors (0ms)
				InitializePlatformSupportModulesInManaged (6ms)
				SetLoadedEditorAssemblies (0ms)
				RefreshPlugins (64ms)
				BeforeProcessingInitializeOnLoad (23ms)
				ProcessInitializeOnLoadAttributes (98ms)
				ProcessInitializeOnLoadMethodAttributes (33ms)
				AfterProcessingInitializeOnLoad (0ms)
				EditorAssembliesLoaded (0ms)
			ExecutionOrderSort2 (0ms)
			AwakeInstancesAfterBackupRestoration (0ms)
Platform modules already initialized, skipping
Registering precompiled user dll's ...
Registered in 0.002944 seconds.
Begin MonoManager ReloadAssembly
Native extension for WindowsStandalone target not found
Native extension for WebGL target not found
Refreshing native plugins compatible for Editor in 0.47 ms, found 2 plugins.
Preloading 0 native plugins for Editor in 0.00 ms.
Mono: successfully reloaded assembly
- Completed reload, in  1.299 seconds
Domain Reload Profiling:
	ReloadAssembly (1300ms)
		BeginReloadAssembly (202ms)
			ExecutionOrderSort (0ms)
			DisableScriptedObjects (6ms)
			BackupInstance (0ms)
			ReleaseScriptingObjects (0ms)
			CreateAndSetChildDomain (21ms)
		EndReloadAssembly (1032ms)
			LoadAssemblies (137ms)
			RebuildTransferFunctionScriptingTraits (0ms)
			SetupTypeCache (349ms)
			ReleaseScriptCaches (0ms)
			RebuildScriptCaches (60ms)
			SetupLoadedEditorAssemblies (404ms)
				LogAssemblyErrors (0ms)
				InitializePlatformSupportModulesInManaged (6ms)
				SetLoadedEditorAssemblies (1ms)
				RefreshPlugins (1ms)
				BeforeProcessingInitializeOnLoad (99ms)
				ProcessInitializeOnLoadAttributes (283ms)
				ProcessInitializeOnLoadMethodAttributes (12ms)
				AfterProcessingInitializeOnLoad (3ms)
				EditorAssembliesLoaded (0ms)
			ExecutionOrderSort2 (0ms)
			AwakeInstancesAfterBackupRestoration (9ms)
Platform modules already initialized, skipping
========================================================================
Worker process is ready to serve import requests
Launched and connected shader compiler UnityShaderCompiler.exe after 0.08 seconds
Refreshing native plugins compatible for Editor in 0.50 ms, found 2 plugins.
Preloading 0 native plugins for Editor in 0.00 ms.
Unloading 2039 Unused Serialized files (Serialized files now loaded: 0)
System memory in use before: 109.1 MB.
System memory in use after: 109.2 MB.

Unloading 17 unused Assets to reduce memory usage. Loaded Objects now: 2500.
Total: 3.460200 ms (FindLiveObjects: 0.179900 ms CreateObjectMapping: 0.092000 ms MarkObjects: 3.022600 ms  DeleteObjects: 0.164500 ms)

AssetImportParameters requested are different than current active one (requested -> active):
  custom:framework-win-MediaFoundation: 216162199b28c13a410421893ffa2e32 -> 
  custom:video-decoder-ogg-theora: a1e56fd34408186e4bbccfd4996cb3dc -> 
  custom:container-muxer-webm: aa71ff27fc2769a1b78a27578f13a17b -> 
  custom:container-demuxer-webm: 4f35f7cbe854078d1ac9338744f61a02 -> 
  custom:container-demuxer-ogg: 62fdf1f143b41e24485cea50d1cbac27 -> 
  custom:video-encoder-webm-vp8: eb34c28f22e8b96e1ab97ce403110664 -> 
  custom:video-codec-MediaFoundation-h265: 746d11721c4dcdbdad8f713fa42b33f4 -> 
  custom:video-decoder-webm-vp8: 9c59270c3fd7afecdb556c50c9e8de78 -> 
  custom:audio-decoder-ogg-vorbis: bf7c407c2cedff20999df2af8eb42d56 -> 
  custom:audio-encoder-webm-vorbis: bf7c407c2cedff20999df2af8eb42d56 -> 
========================================================================
Received Import Request.
  path: Assets/victor/Resource/living birds/Materials-Textures/blueJayMaterialHQ.mat
  artifactKey: Guid(64aab1f1d39bf2e43befcc5c0573a729) Importer(815301076,1909f56bfc062723c751e8b465ee728b)
Start importing Assets/victor/Resource/living birds/Materials-Textures/blueJayMaterialHQ.mat using Guid(64aab1f1d39bf2e43befcc5c0573a729) Importer(815301076,1909f56bfc062723c751e8b465ee728b)  -> (artifact id: 'c74fcc5e2b672440fb539b072d6b3ac6') in 0.353864 seconds 
========================================================================
Received Import Request.
  Time since last request: 0.000415 seconds.
  path: Assets/victor/Resource/living birds/models/blueJay.FBX
  artifactKey: Guid(9e8e96d31d222394087dd09880b9a261) Importer(815301076,1909f56bfc062723c751e8b465ee728b)
Start importing Assets/victor/Resource/living birds/models/blueJay.FBX using Guid(9e8e96d31d222394087dd09880b9a261) Importer(815301076,1909f56bfc062723c751e8b465ee728b)  -> (artifact id: 'e5f5a5c5772af4f80b83e308287c1251') in 0.185686 seconds 
========================================================================
Received Import Request.
  Time since last request: 0.000301 seconds.
  path: Assets/victor/Resource/SkythianCat/Hand_Painted_Nature_Kit_LITE/Prefabs/Boletus_edulis01.prefab
  artifactKey: Guid(ea10774542693594183ed8bc58125543) Importer(815301076,1909f56bfc062723c751e8b465ee728b)
Start importing Assets/victor/Resource/SkythianCat/Hand_Painted_Nature_Kit_LITE/Prefabs/Boletus_edulis01.prefab using Guid(ea10774542693594183ed8bc58125543) Importer(815301076,1909f56bfc062723c751e8b465ee728b)  -> (artifact id: '0e2141e6c9b110123108d045af539391') in 0.026081 seconds 
========================================================================
Received Import Request.
  Time since last request: 0.000441 seconds.
  path: Assets/Ray/Resource/Prefabs/Barrel_3B.prefab
  artifactKey: Guid(8bd17aeaec29eb847aaeecb7c2e00d10) Importer(815301076,1909f56bfc062723c751e8b465ee728b)
Start importing Assets/Ray/Resource/Prefabs/Barrel_3B.prefab using Guid(8bd17aeaec29eb847aaeecb7c2e00d10) Importer(815301076,1909f56bfc062723c751e8b465ee728b)  -> (artifact id: 'f4eb1b891b8ee8288ce2aed47c8a194b') in 0.063973 seconds 
========================================================================
Received Import Request.
  Time since last request: 0.000391 seconds.
  path: Assets/victor/Resource/living birds/animations/bird@landing.FBX
  artifactKey: Guid(91a0ec93e9077c54fa3a5931b1d22f16) Importer(815301076,1909f56bfc062723c751e8b465ee728b)
Start importing Assets/victor/Resource/living birds/animations/bird@landing.FBX using Guid(91a0ec93e9077c54fa3a5931b1d22f16) Importer(815301076,1909f56bfc062723c751e8b465ee728b)  -> (artifact id: '3424b5cb8998131afee83bfbb834587c') in 0.030886 seconds 
========================================================================
Received Import Request.
  Time since last request: 0.000391 seconds.
  path: Assets/Ray/Resource/Models/Materials/Building_7B_D.mat
  artifactKey: Guid(ab5889db9ef32864e8078c477699cd3c) Importer(815301076,1909f56bfc062723c751e8b465ee728b)
Start importing Assets/Ray/Resource/Models/Materials/Building_7B_D.mat using Guid(ab5889db9ef32864e8078c477699cd3c) Importer(815301076,1909f56bfc062723c751e8b465ee728b)  -> (artifact id: '98db08dcd64a670672c3946fa7b38429') in 0.014128 seconds 
========================================================================
Received Import Request.
  Time since last request: 0.000377 seconds.
  path: Assets/victor/Resource/living birds/animations/bird@sing.FBX
  artifactKey: Guid(424394d0a52644344830945f23d59ac3) Importer(815301076,1909f56bfc062723c751e8b465ee728b)
Start importing Assets/victor/Resource/living birds/animations/bird@sing.FBX using Guid(424394d0a52644344830945f23d59ac3) Importer(815301076,1909f56bfc062723c751e8b465ee728b)  -> (artifact id: '7669fc14d4f8e977e9a0fcdcfc9c1a0d') in 0.033925 seconds 
========================================================================
Received Import Request.
  Time since last request: 0.000367 seconds.
  path: Assets/Ray/Resource/Models/Building_7B.fbx
  artifactKey: Guid(30ed3ff5c8264ad4d8466c22ebbdebe7) Importer(815301076,1909f56bfc062723c751e8b465ee728b)
Start importing Assets/Ray/Resource/Models/Building_7B.fbx using Guid(30ed3ff5c8264ad4d8466c22ebbdebe7) Importer(815301076,1909f56bfc062723c751e8b465ee728b)  -> (artifact id: '6b856b6ea9489eaea8a1ac35c3fd4292') in 0.044917 seconds 
========================================================================
Received Import Request.
  Time since last request: 0.000380 seconds.
  path: Assets/victor/Resource/living birds/animations/bird@worried.FBX
  artifactKey: Guid(cfade936808e440439bff42525f9f2aa) Importer(815301076,1909f56bfc062723c751e8b465ee728b)
Start importing Assets/victor/Resource/living birds/animations/bird@worried.FBX using Guid(cfade936808e440439bff42525f9f2aa) Importer(815301076,1909f56bfc062723c751e8b465ee728b)  -> (artifact id: 'faea35328f669e2fb4453f0e4634baea') in 0.028646 seconds 
========================================================================
Received Import Request.
  Time since last request: 0.000411 seconds.
  path: Assets/Ray/Resource/Prefabs/Building_7B.prefab
  artifactKey: Guid(14cbbc4aabee1584895f6723e09fbbec) Importer(815301076,1909f56bfc062723c751e8b465ee728b)
Start importing Assets/Ray/Resource/Prefabs/Building_7B.prefab using Guid(14cbbc4aabee1584895f6723e09fbbec) Importer(815301076,1909f56bfc062723c751e8b465ee728b)  -> (artifact id: '121f76de52298d1ecb12ef0a3b23dbad') in 0.064258 seconds 
========================================================================
Received Import Request.
  Time since last request: 0.000394 seconds.
  path: Assets/victor/Resource/living birds/animations/bird@peck.FBX
  artifactKey: Guid(45df0147da930de4aa376948b6bf0ee7) Importer(815301076,1909f56bfc062723c751e8b465ee728b)
Start importing Assets/victor/Resource/living birds/animations/bird@peck.FBX using Guid(45df0147da930de4aa376948b6bf0ee7) Importer(815301076,1909f56bfc062723c751e8b465ee728b)  -> (artifact id: 'de3b00e45f8e96793a0ad1683a2c31cf') in 0.041536 seconds 
========================================================================
Received Import Request.
  Time since last request: 0.000450 seconds.
  path: Assets/Ray/Resource/Prefabs/Building_17E.prefab
  artifactKey: Guid(750d143b1135e7c4994de3f2de8a1628) Importer(815301076,1909f56bfc062723c751e8b465ee728b)
Start importing Assets/Ray/Resource/Prefabs/Building_17E.prefab using Guid(750d143b1135e7c4994de3f2de8a1628) Importer(815301076,1909f56bfc062723c751e8b465ee728b)  -> (artifact id: 'f4636565d63e85414f35dd1d1352a4c9') in 0.014485 seconds 
========================================================================
Received Import Request.
  Time since last request: 0.000442 seconds.
  path: Assets/victor/Resource/living birds/animations/bird@watch01.FBX
  artifactKey: Guid(fcd9e2f0fe594944fa820d71162634f0) Importer(815301076,1909f56bfc062723c751e8b465ee728b)
Start importing Assets/victor/Resource/living birds/animations/bird@watch01.FBX using Guid(fcd9e2f0fe594944fa820d71162634f0) Importer(815301076,1909f56bfc062723c751e8b465ee728b)  -> (artifact id: '7414a95aa31a16eedf76a288db71ce13') in 0.028171 seconds 
========================================================================
Received Import Request.
  Time since last request: 0.000434 seconds.
  path: Assets/victor/Resource/living birds/animations/bird@hopLeft.FBX
  artifactKey: Guid(62f44b8db6c967743b7107b7e2f4c863) Importer(815301076,1909f56bfc062723c751e8b465ee728b)
Start importing Assets/victor/Resource/living birds/animations/bird@hopLeft.FBX using Guid(62f44b8db6c967743b7107b7e2f4c863) Importer(815301076,1909f56bfc062723c751e8b465ee728b)  -> (artifact id: 'aed6efe7cdbffcd8a21ff50e765aebd7') in 0.032724 seconds 
========================================================================
Received Import Request.
  Time since last request: 0.000424 seconds.
  path: Assets/Ray/Resource/Models/Car_6G.fbx
  artifactKey: Guid(e29524f3e15f50f40a84ba6ae5a5de10) Importer(815301076,1909f56bfc062723c751e8b465ee728b)
Start importing Assets/Ray/Resource/Models/Car_6G.fbx using Guid(e29524f3e15f50f40a84ba6ae5a5de10) Importer(815301076,1909f56bfc062723c751e8b465ee728b)  -> (artifact id: '8ffbfe1db8cc7adb06ffb26da2a7f859') in 0.065477 seconds 
========================================================================
Received Import Request.
  Time since last request: 0.000410 seconds.
  path: Assets/Kevin Iglesias/Basic Motions/Textures/BasicMotionsTexture.png
  artifactKey: Guid(fad9765a35536374695ea4ff22aca373) Importer(815301076,1909f56bfc062723c751e8b465ee728b)
Start importing Assets/Kevin Iglesias/Basic Motions/Textures/BasicMotionsTexture.png using Guid(fad9765a35536374695ea4ff22aca373) Importer(815301076,1909f56bfc062723c751e8b465ee728b)  -> (artifact id: 'c36e73444337a7c05745bcf29365a415') in 0.019649 seconds 
========================================================================
Received Import Request.
  Time since last request: 0.000396 seconds.
  path: Assets/victor/Resource/living birds/animations/bird@preen.FBX
  artifactKey: Guid(a63534207461a814ba47d5d949b410b6) Importer(815301076,1909f56bfc062723c751e8b465ee728b)
Start importing Assets/victor/Resource/living birds/animations/bird@preen.FBX using Guid(a63534207461a814ba47d5d949b410b6) Importer(815301076,1909f56bfc062723c751e8b465ee728b)  -> (artifact id: 'a378d91af17d9f998031b8b46fe37100') in 0.024939 seconds 
========================================================================
Received Import Request.
  Time since last request: 0.000406 seconds.
  path: Assets/victor/Resource/living birds/animations/bird@flyStraight.FBX
  artifactKey: Guid(f2dcbf14324d47a499783221451475c6) Importer(815301076,1909f56bfc062723c751e8b465ee728b)
Start importing Assets/victor/Resource/living birds/animations/bird@flyStraight.FBX using Guid(f2dcbf14324d47a499783221451475c6) Importer(815301076,1909f56bfc062723c751e8b465ee728b)  -> (artifact id: 'f1a58ea738d89d58f1db1d5ef816c76d') in 0.032500 seconds 
========================================================================
Received Import Request.
  Time since last request: 0.000400 seconds.
  path: Assets/Ray/Resource/Models/Barrel_1F.fbx
  artifactKey: Guid(4da680e590d711e4fb6ae1e90b6497f3) Importer(815301076,1909f56bfc062723c751e8b465ee728b)
Start importing Assets/Ray/Resource/Models/Barrel_1F.fbx using Guid(4da680e590d711e4fb6ae1e90b6497f3) Importer(815301076,1909f56bfc062723c751e8b465ee728b)  -> (artifact id: '12f0746fe828d934afa1eb82fe448161') in 0.024642 seconds 
========================================================================
Received Import Request.
  Time since last request: 0.000406 seconds.
  path: Assets/Ray/Resource/Prefabs/Barrel_1F.prefab
  artifactKey: Guid(d6cda6cdccb84b3439d791e01c71339a) Importer(815301076,1909f56bfc062723c751e8b465ee728b)
Start importing Assets/Ray/Resource/Prefabs/Barrel_1F.prefab using Guid(d6cda6cdccb84b3439d791e01c71339a) Importer(815301076,1909f56bfc062723c751e8b465ee728b)  -> (artifact id: '9ec661ef82f31e332b269455f85b42ca') in 0.018252 seconds 
========================================================================
Received Import Request.
  Time since last request: 0.000403 seconds.
  path: Assets/Ray/Resource/Prefabs/Building_7C.prefab
  artifactKey: Guid(ca33ebcd6009bea4e8fab1d5b1c34436) Importer(815301076,1909f56bfc062723c751e8b465ee728b)
Start importing Assets/Ray/Resource/Prefabs/Building_7C.prefab using Guid(ca33ebcd6009bea4e8fab1d5b1c34436) Importer(815301076,1909f56bfc062723c751e8b465ee728b)  -> (artifact id: '736dd98dc5845b7b4e358633dc2f108f') in 0.012658 seconds 
========================================================================
Received Import Request.
  Time since last request: 0.000359 seconds.
  path: Assets/victor/Resource/SkythianCat/Hand_Painted_Nature_Kit_LITE/Materials/Boletus_edulis.mat
  artifactKey: Guid(a8f347959bb942c4e9336c6e3e2d0cfb) Importer(815301076,1909f56bfc062723c751e8b465ee728b)
Start importing Assets/victor/Resource/SkythianCat/Hand_Painted_Nature_Kit_LITE/Materials/Boletus_edulis.mat using Guid(a8f347959bb942c4e9336c6e3e2d0cfb) Importer(815301076,1909f56bfc062723c751e8b465ee728b)  -> (artifact id: 'e84352d7d16e32ef1430043c1fdb2f26') in 0.014680 seconds 
========================================================================
Received Import Request.
  Time since last request: 0.000297 seconds.
  path: Assets/victor/Resource/living birds/animations/bird@die.FBX
  artifactKey: Guid(3eb26f964a8a1f442b4ebaad1c690121) Importer(815301076,1909f56bfc062723c751e8b465ee728b)
Start importing Assets/victor/Resource/living birds/animations/bird@die.FBX using Guid(3eb26f964a8a1f442b4ebaad1c690121) Importer(815301076,1909f56bfc062723c751e8b465ee728b)  -> (artifact id: 'd6650d41a01d4d316d16a36a1e602c05') in 0.027785 seconds 
========================================================================
Received Import Request.
  Time since last request: 0.000371 seconds.
  path: Assets/victor/Resource/living birds/animations/bird@hopBack.FBX
  artifactKey: Guid(ad08e56404f896844a3d5d9cbb285c4b) Importer(815301076,1909f56bfc062723c751e8b465ee728b)
Start importing Assets/victor/Resource/living birds/animations/bird@hopBack.FBX using Guid(ad08e56404f896844a3d5d9cbb285c4b) Importer(815301076,1909f56bfc062723c751e8b465ee728b)  -> (artifact id: 'e872d0f991b41b95f414560fc6d9fc87') in 0.028575 seconds 
========================================================================
Received Import Request.
  Time since last request: 0.000401 seconds.
  path: Assets/Ray/Resource/Prefabs/Bilboard_1E.prefab
  artifactKey: Guid(ea4757a70ebfed4468cd2ba937ce980a) Importer(815301076,1909f56bfc062723c751e8b465ee728b)
Start importing Assets/Ray/Resource/Prefabs/Bilboard_1E.prefab using Guid(ea4757a70ebfed4468cd2ba937ce980a) Importer(815301076,1909f56bfc062723c751e8b465ee728b)  -> (artifact id: 'd47e0a2b948faf702ea54ec9d738c8d7') in 0.013836 seconds 
========================================================================
Received Import Request.
  Time since last request: 0.000468 seconds.
  path: Assets/Ray/Resource/Models/Colliders/Building_7B_MeshCollider.fbx
  artifactKey: Guid(fdd349c73e340e141b7caa666c90975f) Importer(815301076,1909f56bfc062723c751e8b465ee728b)
Start importing Assets/Ray/Resource/Models/Colliders/Building_7B_MeshCollider.fbx using Guid(fdd349c73e340e141b7caa666c90975f) Importer(815301076,1909f56bfc062723c751e8b465ee728b)  -> (artifact id: 'f2d32f78cd8e8f758719088bd6c6fd16') in 0.014949 seconds 
========================================================================
Received Import Request.
  Time since last request: 0.000388 seconds.
  path: Assets/Ray/Resource/Prefabs/Barrel_1G.prefab
  artifactKey: Guid(fe8b0e285ec80f6408f9ac4b0060b46a) Importer(815301076,1909f56bfc062723c751e8b465ee728b)
Start importing Assets/Ray/Resource/Prefabs/Barrel_1G.prefab using Guid(fe8b0e285ec80f6408f9ac4b0060b46a) Importer(815301076,1909f56bfc062723c751e8b465ee728b)  -> (artifact id: '9cdb3ac5ed9468a9c649342c8baed9e8') in 0.011360 seconds 
========================================================================
Received Import Request.
  Time since last request: 0.000431 seconds.
  path: Assets/victor/Resource/living birds/animations/bird@watch02.FBX
  artifactKey: Guid(2eeda2bfa864a3b4ea31d02ad1d7d8de) Importer(815301076,1909f56bfc062723c751e8b465ee728b)
Start importing Assets/victor/Resource/living birds/animations/bird@watch02.FBX using Guid(2eeda2bfa864a3b4ea31d02ad1d7d8de) Importer(815301076,1909f56bfc062723c751e8b465ee728b)  -> (artifact id: 'a8a24652453f53d3c019dec9d5631f7a') in 0.026166 seconds 
========================================================================
Received Import Request.
  Time since last request: 0.000446 seconds.
  path: Assets/victor/Resource/living birds/animations/bird@ruffle.FBX
  artifactKey: Guid(62a99fa6a6de34a43bcad78c98a2166d) Importer(815301076,1909f56bfc062723c751e8b465ee728b)
Start importing Assets/victor/Resource/living birds/animations/bird@ruffle.FBX using Guid(62a99fa6a6de34a43bcad78c98a2166d) Importer(815301076,1909f56bfc062723c751e8b465ee728b)  -> (artifact id: '59960f081cb914ba588ad8ac054da23b') in 0.027454 seconds 
========================================================================
Received Import Request.
  Time since last request: 0.000451 seconds.
  path: Assets/victor/Resource/living birds/animations/bird@flyRight.FBX
  artifactKey: Guid(94716c41dacd7a340b9c94a4d2043197) Importer(815301076,1909f56bfc062723c751e8b465ee728b)
Start importing Assets/victor/Resource/living birds/animations/bird@flyRight.FBX using Guid(94716c41dacd7a340b9c94a4d2043197) Importer(815301076,1909f56bfc062723c751e8b465ee728b)  -> (artifact id: 'fdda89b4c3d129813d8ee38f2299d32b') in 0.034544 seconds 
========================================================================
Received Import Request.
  Time since last request: 0.000431 seconds.
  path: Assets/victor/Resource/living birds/animations/bird@hopForward.FBX
  artifactKey: Guid(09d34c73ee372d247b9b1ba6e0b91665) Importer(815301076,1909f56bfc062723c751e8b465ee728b)
Start importing Assets/victor/Resource/living birds/animations/bird@hopForward.FBX using Guid(09d34c73ee372d247b9b1ba6e0b91665) Importer(815301076,1909f56bfc062723c751e8b465ee728b)  -> (artifact id: 'ca73fde20017edece2a2346745af5e4e') in 0.031172 seconds 
========================================================================
Received Import Request.
  Time since last request: 0.000396 seconds.
  path: Assets/Ray/Resource/Models/Colliders/Building_17E_MeshCollider.fbx
  artifactKey: Guid(47a43782bf8ef1a4f94ab289e06db018) Importer(815301076,1909f56bfc062723c751e8b465ee728b)
Start importing Assets/Ray/Resource/Models/Colliders/Building_17E_MeshCollider.fbx using Guid(47a43782bf8ef1a4f94ab289e06db018) Importer(815301076,1909f56bfc062723c751e8b465ee728b)  -> (artifact id: 'db3a580415950d61b3c5c7a43dfb85f0') in 0.017060 seconds 
========================================================================
Received Import Request.
  Time since last request: 0.000474 seconds.
  path: Assets/Ray/Resource/Models/Bilboard_1E.fbx
  artifactKey: Guid(b5fad09f6acdfb74e9e58b7d7ebc6cf5) Importer(815301076,1909f56bfc062723c751e8b465ee728b)
Start importing Assets/Ray/Resource/Models/Bilboard_1E.fbx using Guid(b5fad09f6acdfb74e9e58b7d7ebc6cf5) Importer(815301076,1909f56bfc062723c751e8b465ee728b)  -> (artifact id: '65f5b2e45abb96958abc98fc671526ef') in 0.028031 seconds 
========================================================================
Received Import Request.
  Time since last request: 0.000407 seconds.
  path: Assets/victor/Resource/SkythianCat/Hand_Painted_Nature_Kit_LITE/Materials/Bark3-2.mat
  artifactKey: Guid(cc60ec32b64abd84ba21af6ca87441bf) Importer(815301076,1909f56bfc062723c751e8b465ee728b)
Start importing Assets/victor/Resource/SkythianCat/Hand_Painted_Nature_Kit_LITE/Materials/Bark3-2.mat using Guid(cc60ec32b64abd84ba21af6ca87441bf) Importer(815301076,1909f56bfc062723c751e8b465ee728b)  -> (artifact id: '165086833aef3ab481e6703a939debe7') in 0.014292 seconds 
========================================================================
Received Import Request.
  Time since last request: 0.000426 seconds.
  path: Assets/victor/Resource/SapphiArt/SapphiArtchan/OBJ/SapphiArtchan.fbx
  artifactKey: Guid(c17302b294b179d45afeabff23af8b13) Importer(815301076,1909f56bfc062723c751e8b465ee728b)
Start importing Assets/victor/Resource/SapphiArt/SapphiArtchan/OBJ/SapphiArtchan.fbx using Guid(c17302b294b179d45afeabff23af8b13) Importer(815301076,1909f56bfc062723c751e8b465ee728b)  -> (artifact id: '8d515b77b38f300299db11206c449d5b') in 0.218641 seconds 
========================================================================
Received Import Request.
  Time since last request: 0.000363 seconds.
  path: Assets/victor/Resource/SkythianCat/Hand_Painted_Nature_Kit_LITE/Textures/Bark3-2.png
  artifactKey: Guid(0fa9aca141a7eeb429a446e57e5f223d) Importer(815301076,1909f56bfc062723c751e8b465ee728b)
Start importing Assets/victor/Resource/SkythianCat/Hand_Painted_Nature_Kit_LITE/Textures/Bark3-2.png using Guid(0fa9aca141a7eeb429a446e57e5f223d) Importer(815301076,1909f56bfc062723c751e8b465ee728b)  -> (artifact id: '31bf5d5e17ca254c704061bd5c952d9a') in 0.008986 seconds 
========================================================================
Received Import Request.
  Time since last request: 0.000465 seconds.
  path: Assets/victor/Audio/01.mp3
  artifactKey: Guid(10f725083dafedb49b52c1aea0df4e4e) Importer(815301076,1909f56bfc062723c751e8b465ee728b)
Start importing Assets/victor/Audio/01.mp3 using Guid(10f725083dafedb49b52c1aea0df4e4e) Importer(815301076,1909f56bfc062723c751e8b465ee728b)  -> (artifact id: 'd09813b49326341cd51191ecfcfd84c8') in 0.018634 seconds 
========================================================================
Received Import Request.
  Time since last request: 0.000469 seconds.
  path: Assets/victor/Resource/living birds/Materials-Textures/blueJayDIffuseAlpha.png
  artifactKey: Guid(586d714af0e83284da0c05b78818dbcd) Importer(815301076,1909f56bfc062723c751e8b465ee728b)
Start importing Assets/victor/Resource/living birds/Materials-Textures/blueJayDIffuseAlpha.png using Guid(586d714af0e83284da0c05b78818dbcd) Importer(815301076,1909f56bfc062723c751e8b465ee728b)  -> (artifact id: '49324b4b15d80cf8e69caaf53515da5a') in 0.029489 seconds 
========================================================================
Received Import Request.
  Time since last request: 0.000336 seconds.
  path: Assets/victor/Resource/SkythianCat/Hand_Painted_Nature_Kit_LITE/Textures/Boletus_edulis_d.png
  artifactKey: Guid(14373323d28a92a45ad50a1cbca92733) Importer(815301076,1909f56bfc062723c751e8b465ee728b)
Start importing Assets/victor/Resource/SkythianCat/Hand_Painted_Nature_Kit_LITE/Textures/Boletus_edulis_d.png using Guid(14373323d28a92a45ad50a1cbca92733) Importer(815301076,1909f56bfc062723c751e8b465ee728b)  -> (artifact id: '4a6b82f8cb1f4bb249df01cb8f4d5e81') in 0.008601 seconds 
========================================================================
Received Import Request.
  Time since last request: 0.000378 seconds.
  path: Assets/victor/Resource/living birds/animations/bird@hopRight.FBX
  artifactKey: Guid(59ffe1777b631994b951990645443568) Importer(815301076,1909f56bfc062723c751e8b465ee728b)
Start importing Assets/victor/Resource/living birds/animations/bird@hopRight.FBX using Guid(59ffe1777b631994b951990645443568) Importer(815301076,1909f56bfc062723c751e8b465ee728b)  -> (artifact id: 'f6134502ba0150fc4213f91f9b5cbf26') in 0.025817 seconds 
========================================================================
Received Import Request.
  Time since last request: 0.000392 seconds.
  path: Assets/Ray/Resource/Models/Barrel_1G.fbx
  artifactKey: Guid(940f1d74b9e4ec84da524deec8d0878f) Importer(815301076,1909f56bfc062723c751e8b465ee728b)
Start importing Assets/Ray/Resource/Models/Barrel_1G.fbx using Guid(940f1d74b9e4ec84da524deec8d0878f) Importer(815301076,1909f56bfc062723c751e8b465ee728b)  -> (artifact id: 'b3c81498ac8deece41992b957216dc19') in 0.015693 seconds 
========================================================================
Received Import Request.
  Time since last request: 0.000427 seconds.
  path: Assets/victor/Resource/living birds/animations/bird@flyLeft.FBX
  artifactKey: Guid(57ab8ccdf00569740b090329b9ae9373) Importer(815301076,1909f56bfc062723c751e8b465ee728b)
Start importing Assets/victor/Resource/living birds/animations/bird@flyLeft.FBX using Guid(57ab8ccdf00569740b090329b9ae9373) Importer(815301076,1909f56bfc062723c751e8b465ee728b)  -> (artifact id: '3e62aa91174621bb927fb144985876f8') in 0.032495 seconds 
========================================================================
Received Import Request.
  Time since last request: 0.000527 seconds.
  path: Assets/Ray/Resource/Models/Building_7C.fbx
  artifactKey: Guid(a17fa7fd4bfd8ce429a57dde2fc1f3aa) Importer(815301076,1909f56bfc062723c751e8b465ee728b)
Start importing Assets/Ray/Resource/Models/Building_7C.fbx using Guid(a17fa7fd4bfd8ce429a57dde2fc1f3aa) Importer(815301076,1909f56bfc062723c751e8b465ee728b)  -> (artifact id: '7cda66e711015c1b34a446844628e22f') in 0.039100 seconds 
========================================================================
Received Import Request.
  Time since last request: 0.000428 seconds.
  path: Assets/Ray/Resource/Textures/Building_7B_D.psd
  artifactKey: Guid(ff0a57c8b6e10044b97a3bc1559ee2a7) Importer(815301076,1909f56bfc062723c751e8b465ee728b)
Start importing Assets/Ray/Resource/Textures/Building_7B_D.psd using Guid(ff0a57c8b6e10044b97a3bc1559ee2a7) Importer(815301076,1909f56bfc062723c751e8b465ee728b)  -> (artifact id: 'fef5005b1860feb1052d3ff8489f5c0e') in 0.018283 seconds 
========================================================================
Received Import Request.
  Time since last request: 0.000360 seconds.
  path: Assets/Audio/aimless - shoreline.mp3
  artifactKey: Guid(1fb5dc86ca0bacb44b1b4ef976a118a4) Importer(815301076,1909f56bfc062723c751e8b465ee728b)
Start importing Assets/Audio/aimless - shoreline.mp3 using Guid(1fb5dc86ca0bacb44b1b4ef976a118a4) Importer(815301076,1909f56bfc062723c751e8b465ee728b)  -> (artifact id: '8a93f2907c02c4b652b150f842f72bec') in 0.009248 seconds 
========================================================================
Received Import Request.
  Time since last request: 0.000399 seconds.
  path: Assets/Ray/Resource/Models/Building_17E.fbx
  artifactKey: Guid(b3b6ed0d732bfb5499fc588276b29b9a) Importer(815301076,1909f56bfc062723c751e8b465ee728b)
Start importing Assets/Ray/Resource/Models/Building_17E.fbx using Guid(b3b6ed0d732bfb5499fc588276b29b9a) Importer(815301076,1909f56bfc062723c751e8b465ee728b)  -> (artifact id: '99068639c7b679226d82683cbe167fd3') in 0.026701 seconds 
========================================================================
Received Import Request.
  Time since last request: 0.000357 seconds.
  path: Assets/Ray/Resource/Models/Barrel_3B.fbx
  artifactKey: Guid(5b9ebe0220700b045964d31ea56f5efa) Importer(815301076,1909f56bfc062723c751e8b465ee728b)
Start importing Assets/Ray/Resource/Models/Barrel_3B.fbx using Guid(5b9ebe0220700b045964d31ea56f5efa) Importer(815301076,1909f56bfc062723c751e8b465ee728b)  -> (artifact id: '60f314b7e524721198977b3f7f77322b') in 0.015447 seconds 
========================================================================
Received Import Request.
  Time since last request: 0.000367 seconds.
  path: Assets/victor/Resource/SkythianCat/Hand_Painted_Nature_Kit_LITE/Meshes/Boletus_edulis01.fbx
  artifactKey: Guid(b1683f28d36f08a44ae74f1dd7b2caf2) Importer(815301076,1909f56bfc062723c751e8b465ee728b)
Start importing Assets/victor/Resource/SkythianCat/Hand_Painted_Nature_Kit_LITE/Meshes/Boletus_edulis01.fbx using Guid(b1683f28d36f08a44ae74f1dd7b2caf2) Importer(815301076,1909f56bfc062723c751e8b465ee728b)  -> (artifact id: 'ae1c8f1a214af040df397462391ed9ca') in 0.014172 seconds 
========================================================================
Received Import Request.
  Time since last request: 2.297322 seconds.
  path: Assets/Ray/Resource/Prefabs/Car_6G.prefab
  artifactKey: Guid(8952388f882d347438563c4e45e6ce50) Importer(815301076,1909f56bfc062723c751e8b465ee728b)
Start importing Assets/Ray/Resource/Prefabs/Car_6G.prefab using Guid(8952388f882d347438563c4e45e6ce50) Importer(815301076,1909f56bfc062723c751e8b465ee728b)  -> (artifact id: 'f0a7c5cd5c4ae3cde1c5f202bef6bf4a') in 0.028918 seconds 
========================================================================
Received Import Request.
  Time since last request: 0.000522 seconds.
  path: Assets/Ray/Cloudy Summer Day Skybox/CloudySummerDaySkybox_up.tga
  artifactKey: Guid(4d4bb92271e57564088cf68f1dd12dfb) Importer(815301076,1909f56bfc062723c751e8b465ee728b)
Start importing Assets/Ray/Cloudy Summer Day Skybox/CloudySummerDaySkybox_up.tga using Guid(4d4bb92271e57564088cf68f1dd12dfb) Importer(815301076,1909f56bfc062723c751e8b465ee728b)  -> (artifact id: 'a52a5a0597f31628067fb56347ef8b8c') in 0.017730 seconds 
========================================================================
Received Import Request.
  Time since last request: 0.000464 seconds.
  path: Assets/Ray/Resource/Models/Car_21A.fbx
  artifactKey: Guid(0956088278b889348bef01895b1c80c2) Importer(815301076,1909f56bfc062723c751e8b465ee728b)
Start importing Assets/Ray/Resource/Models/Car_21A.fbx using Guid(0956088278b889348bef01895b1c80c2) Importer(815301076,1909f56bfc062723c751e8b465ee728b)  -> (artifact id: '692222a4ebf361e9c6fd2e37e1a6c986') in 0.106911 seconds 
========================================================================
Received Import Request.
  Time since last request: 0.000381 seconds.
  path: Assets/Ray/Resource/Textures/Car_18C_D.psd
  artifactKey: Guid(e09199b7faefad34ca2578a9f3cae390) Importer(815301076,1909f56bfc062723c751e8b465ee728b)
Start importing Assets/Ray/Resource/Textures/Car_18C_D.psd using Guid(e09199b7faefad34ca2578a9f3cae390) Importer(815301076,1909f56bfc062723c751e8b465ee728b)  -> (artifact id: '2b67d8582607f42725786f8ae094afcd') in 0.008190 seconds 
========================================================================
Received Import Request.
  Time since last request: 0.000454 seconds.
  path: Assets/victor/Resource/SkythianCat/Hand_Painted_Nature_Kit_LITE/Meshes/Cedar03.fbx
  artifactKey: Guid(09014e39046d9634c89e35747d1c6d38) Importer(815301076,1909f56bfc062723c751e8b465ee728b)
Start importing Assets/victor/Resource/SkythianCat/Hand_Painted_Nature_Kit_LITE/Meshes/Cedar03.fbx using Guid(09014e39046d9634c89e35747d1c6d38) Importer(815301076,1909f56bfc062723c751e8b465ee728b)  -> (artifact id: '17b866b7143359d53bfd4a863632e89b') in 0.015243 seconds 
========================================================================
Received Import Request.
  Time since last request: 0.000463 seconds.
  path: Assets/Ray/Resource/Textures/Grass_1C.psd
  artifactKey: Guid(9aa8c77a5279e404f9ff2e67dd43a8d7) Importer(815301076,1909f56bfc062723c751e8b465ee728b)
Start importing Assets/Ray/Resource/Textures/Grass_1C.psd using Guid(9aa8c77a5279e404f9ff2e67dd43a8d7) Importer(815301076,1909f56bfc062723c751e8b465ee728b)  -> (artifact id: '1a88fa06150f96a0b9a5f0ca1e5e07a1') in 0.008823 seconds 
========================================================================
Received Import Request.
  Time since last request: 0.000397 seconds.
  path: Assets/Ray/Cloudy Summer Day Skybox/CloudySummerDaySkybox_sky.mat
  artifactKey: Guid(cf800250cc151714d828cf2cafa805d2) Importer(815301076,1909f56bfc062723c751e8b465ee728b)
Start importing Assets/Ray/Cloudy Summer Day Skybox/CloudySummerDaySkybox_sky.mat using Guid(cf800250cc151714d828cf2cafa805d2) Importer(815301076,1909f56bfc062723c751e8b465ee728b)  -> (artifact id: '6e930e90b9b09454242230519535e500') in 0.026252 seconds 
========================================================================
Received Import Request.
  Time since last request: 0.000459 seconds.
  path: Assets/Ray/Resource/Models/Materials/Car_6G_D.mat
  artifactKey: Guid(b29492eefa7b92d44a661766cdf8b09f) Importer(815301076,1909f56bfc062723c751e8b465ee728b)
Start importing Assets/Ray/Resource/Models/Materials/Car_6G_D.mat using Guid(b29492eefa7b92d44a661766cdf8b09f) Importer(815301076,1909f56bfc062723c751e8b465ee728b)  -> (artifact id: 'b2d190742843b33b4c357437e0630bc3') in 0.015915 seconds 
========================================================================
Received Import Request.
  Time since last request: 0.000396 seconds.
  path: Assets/victor/Resource/LiquidFire Package 4 - BSH games/Devtoid - Gold Coins/3D Assets/Gold Coin - Single/Prefab/GoldCoin.prefab
  artifactKey: Guid(fa2c57d3f28a5e6419393e8bc3eeb32a) Importer(815301076,1909f56bfc062723c751e8b465ee728b)
Start importing Assets/victor/Resource/LiquidFire Package 4 - BSH games/Devtoid - Gold Coins/3D Assets/Gold Coin - Single/Prefab/GoldCoin.prefab using Guid(fa2c57d3f28a5e6419393e8bc3eeb32a) Importer(815301076,1909f56bfc062723c751e8b465ee728b)  -> (artifact id: 'd0f311c2c6e15a8cf1359fe57c0cfc6c') in 0.120162 seconds 
========================================================================
Received Import Request.
  Time since last request: 0.000434 seconds.
  path: Assets/Ray/Resource/Models/Materials/Car_21A_D.mat
  artifactKey: Guid(94d11901990e49c46a41f1db9a7e4fac) Importer(815301076,1909f56bfc062723c751e8b465ee728b)
Start importing Assets/Ray/Resource/Models/Materials/Car_21A_D.mat using Guid(94d11901990e49c46a41f1db9a7e4fac) Importer(815301076,1909f56bfc062723c751e8b465ee728b)  -> (artifact id: 'e91617e2dc8a6e3d2d77df66fc076195') in 0.018384 seconds 
========================================================================
Received Import Request.
  Time since last request: 0.000442 seconds.
  path: Assets/Ray/Resource/Prefabs/Car_14I.prefab
  artifactKey: Guid(4fd286b338658f84db100ebd31338c7e) Importer(815301076,1909f56bfc062723c751e8b465ee728b)
Start importing Assets/Ray/Resource/Prefabs/Car_14I.prefab using Guid(4fd286b338658f84db100ebd31338c7e) Importer(815301076,1909f56bfc062723c751e8b465ee728b)  -> (artifact id: 'd8621fd0cc0eae284d0db9522c0ecd61') in 0.011493 seconds 
========================================================================
Received Import Request.
  Time since last request: 0.000444 seconds.
  path: Assets/Ray/Cloudy Summer Day Skybox/CloudySummerDaySkybox_cubemap.cubemap
  artifactKey: Guid(100289f8d54c41148bdc00aeee75e5db) Importer(815301076,1909f56bfc062723c751e8b465ee728b)
Start importing Assets/Ray/Cloudy Summer Day Skybox/CloudySummerDaySkybox_cubemap.cubemap using Guid(100289f8d54c41148bdc00aeee75e5db) Importer(815301076,1909f56bfc062723c751e8b465ee728b)  -> (artifact id: '51a27945238bb4af3eb97039498cc4f4') in 0.073122 seconds 
========================================================================
Received Import Request.
  Time since last request: 0.000400 seconds.
  path: Assets/Audio/click.mp3
  artifactKey: Guid(dd60ce68b0a56aa4d8d13fe169e689b3) Importer(815301076,1909f56bfc062723c751e8b465ee728b)
Start importing Assets/Audio/click.mp3 using Guid(dd60ce68b0a56aa4d8d13fe169e689b3) Importer(815301076,1909f56bfc062723c751e8b465ee728b)  -> (artifact id: '0cefc3fcfa5fd9dcb814b4298b95342b') in 0.009505 seconds 
========================================================================
Received Import Request.
  Time since last request: 0.000428 seconds.
  path: Assets/victor/Resource/SkythianCat/Hand_Painted_Nature_Kit_LITE/Materials/Fern01_branch.mat
  artifactKey: Guid(5e02285271f932b4d97dc7b92e669bfc) Importer(815301076,1909f56bfc062723c751e8b465ee728b)
Start importing Assets/victor/Resource/SkythianCat/Hand_Painted_Nature_Kit_LITE/Materials/Fern01_branch.mat using Guid(5e02285271f932b4d97dc7b92e669bfc) Importer(815301076,1909f56bfc062723c751e8b465ee728b)  -> (artifact id: 'c8daa4624510f8f39eee3e0a070f494c') in 0.010390 seconds 
========================================================================
Received Import Request.
  Time since last request: 0.000343 seconds.
  path: Assets/victor/Resource/LiquidFire Package 4 - BSH games/Devtoid - Gold Coins/3D Assets/Gold Coins/Textures/GoldCoins_MetallicSmoothness.png
  artifactKey: Guid(45e76845b928140479183924cebe213f) Importer(815301076,1909f56bfc062723c751e8b465ee728b)
Start importing Assets/victor/Resource/LiquidFire Package 4 - BSH games/Devtoid - Gold Coins/3D Assets/Gold Coins/Textures/GoldCoins_MetallicSmoothness.png using Guid(45e76845b928140479183924cebe213f) Importer(815301076,1909f56bfc062723c751e8b465ee728b)  -> (artifact id: '012a4aa4864e4796d0e5aafd022e16d6') in 0.014162 seconds 
========================================================================
Received Import Request.
  Time since last request: 0.000428 seconds.
  path: Assets/victor/Resource/SkythianCat/Hand_Painted_Nature_Kit_LITE/Textures/Cedar_branch_big.png
  artifactKey: Guid(f6dafded098e39047b4a62aa1dccc6bd) Importer(815301076,1909f56bfc062723c751e8b465ee728b)
Start importing Assets/victor/Resource/SkythianCat/Hand_Painted_Nature_Kit_LITE/Textures/Cedar_branch_big.png using Guid(f6dafded098e39047b4a62aa1dccc6bd) Importer(815301076,1909f56bfc062723c751e8b465ee728b)  -> (artifact id: '0a3e2bb6660f877d7714ab9741bfe053') in 0.009865 seconds 
========================================================================
Received Import Request.
  Time since last request: 0.000320 seconds.
  path: Assets/victor/Resource/SkythianCat/Hand_Painted_Nature_Kit_LITE/Materials/Larch_branch.mat
  artifactKey: Guid(019361ef072c0d0499ac07e2f3a69f4a) Importer(815301076,1909f56bfc062723c751e8b465ee728b)
Start importing Assets/victor/Resource/SkythianCat/Hand_Painted_Nature_Kit_LITE/Materials/Larch_branch.mat using Guid(019361ef072c0d0499ac07e2f3a69f4a) Importer(815301076,1909f56bfc062723c751e8b465ee728b)  -> (artifact id: 'e50f0a91bc7af420433385ab54d285a6') in 0.010472 seconds 
========================================================================
Received Import Request.
  Time since last request: 0.000359 seconds.
  path: Assets/victor/Resource/LiquidFire Package 4 - BSH games/Devtoid - Gold Coins/3D Assets/Gold Coin - Single/Materials/Gold Coin - Single.mat
  artifactKey: Guid(2108d8603f3bd8a4889e438479b3fd2d) Importer(815301076,1909f56bfc062723c751e8b465ee728b)
Start importing Assets/victor/Resource/LiquidFire Package 4 - BSH games/Devtoid - Gold Coins/3D Assets/Gold Coin - Single/Materials/Gold Coin - Single.mat using Guid(2108d8603f3bd8a4889e438479b3fd2d) Importer(815301076,1909f56bfc062723c751e8b465ee728b)  -> (artifact id: 'ff5bd075e9587fe4690b4e1ea3f30ced') in 0.014350 seconds 
========================================================================
Received Import Request.
  Time since last request: 0.000469 seconds.
  path: Assets/victor/Resource/LiquidFire Package 4 - BSH games/Devtoid - Gold Coins/3D Assets/Gold Coin - Single/Mesh/Materials/goldCoin_Diffuse.mat
  artifactKey: Guid(64f70a9a9b8c7b84bab5659b8db35107) Importer(815301076,1909f56bfc062723c751e8b465ee728b)
Start importing Assets/victor/Resource/LiquidFire Package 4 - BSH games/Devtoid - Gold Coins/3D Assets/Gold Coin - Single/Mesh/Materials/goldCoin_Diffuse.mat using Guid(64f70a9a9b8c7b84bab5659b8db35107) Importer(815301076,1909f56bfc062723c751e8b465ee728b)  -> (artifact id: 'fd1679c57f83b8eda9cda40d6f14541e') in 0.249612 seconds 
========================================================================
Received Import Request.
  Time since last request: 0.000431 seconds.
  path: Assets/victor/Resource/SkythianCat/Hand_Painted_Nature_Kit_LITE/Materials/Cedar_branch.mat
  artifactKey: Guid(61ee3851987a5754786c6b9cf70230c1) Importer(815301076,1909f56bfc062723c751e8b465ee728b)
Start importing Assets/victor/Resource/SkythianCat/Hand_Painted_Nature_Kit_LITE/Materials/Cedar_branch.mat using Guid(61ee3851987a5754786c6b9cf70230c1) Importer(815301076,1909f56bfc062723c751e8b465ee728b)  -> (artifact id: '452b35895aa100b024d66277f64a15fb') in 0.010096 seconds 
========================================================================
Received Import Request.
  Time since last request: 0.000325 seconds.
  path: Assets/Ray/Cloudy Summer Day Skybox/CloudySummerDaySkybox_front.tga
  artifactKey: Guid(5ce88bc46b4fa9d4e8e3b10702e67a91) Importer(815301076,1909f56bfc062723c751e8b465ee728b)
Start importing Assets/Ray/Cloudy Summer Day Skybox/CloudySummerDaySkybox_front.tga using Guid(5ce88bc46b4fa9d4e8e3b10702e67a91) Importer(815301076,1909f56bfc062723c751e8b465ee728b)  -> (artifact id: '244be01b11e93780ab1659ce209e7cbe') in 0.010995 seconds 
========================================================================
Received Import Request.
  Time since last request: 0.000351 seconds.
  path: Assets/Ray/Resource/Textures/Car_14I_D.psd
  artifactKey: Guid(8ed568982fc5a004ca4e93a82af9faa3) Importer(815301076,1909f56bfc062723c751e8b465ee728b)
Start importing Assets/Ray/Resource/Textures/Car_14I_D.psd using Guid(8ed568982fc5a004ca4e93a82af9faa3) Importer(815301076,1909f56bfc062723c751e8b465ee728b)  -> (artifact id: 'f4b074ca872d6f47f670787951cd77c8') in 0.007890 seconds 
========================================================================
Received Import Request.
  Time since last request: 0.000430 seconds.
  path: Assets/Ray/Resource/Models/Materials/Car_14I_D.mat
  artifactKey: Guid(cee4fffeff1397c4497073c83c0f8f36) Importer(815301076,1909f56bfc062723c751e8b465ee728b)
Start importing Assets/Ray/Resource/Models/Materials/Car_14I_D.mat using Guid(cee4fffeff1397c4497073c83c0f8f36) Importer(815301076,1909f56bfc062723c751e8b465ee728b)  -> (artifact id: 'd74c439e7561116c7931e5ae1d520125') in 0.011991 seconds 
========================================================================
Received Import Request.
  Time since last request: 0.000404 seconds.
  path: Assets/Ray/Resource/Textures/Grass_Billboard_1C.psd
  artifactKey: Guid(31829fe5a303d8e46a6166362317f87f) Importer(815301076,1909f56bfc062723c751e8b465ee728b)
Start importing Assets/Ray/Resource/Textures/Grass_Billboard_1C.psd using Guid(31829fe5a303d8e46a6166362317f87f) Importer(815301076,1909f56bfc062723c751e8b465ee728b)  -> (artifact id: '40e1486947f40449072c202eab2c605f') in 0.007751 seconds 
========================================================================
Received Import Request.
  Time since last request: 0.000392 seconds.
  path: Assets/Ray/Resource/Models/Colliders/Gas_Station_2A_MeshCollider.fbx
  artifactKey: Guid(5dcdc2ca5ac709749ab0ddd5b8df0f84) Importer(815301076,1909f56bfc062723c751e8b465ee728b)
Start importing Assets/Ray/Resource/Models/Colliders/Gas_Station_2A_MeshCollider.fbx using Guid(5dcdc2ca5ac709749ab0ddd5b8df0f84) Importer(815301076,1909f56bfc062723c751e8b465ee728b)  -> (artifact id: '4004cdc424712efb0895dcc25a0bf739') in 0.020744 seconds 
========================================================================
Received Import Request.
  Time since last request: 0.000360 seconds.
  path: Assets/Ray/Resource/Prefabs/Car_21A.prefab
  artifactKey: Guid(416db31efad293d4da73c87b615cf55a) Importer(815301076,1909f56bfc062723c751e8b465ee728b)
Start importing Assets/Ray/Resource/Prefabs/Car_21A.prefab using Guid(416db31efad293d4da73c87b615cf55a) Importer(815301076,1909f56bfc062723c751e8b465ee728b)  -> (artifact id: '98ab123da6939282e15ff1879b24e4b4') in 0.012998 seconds 
========================================================================
Received Import Request.
  Time since last request: 0.000463 seconds.
  path: Assets/victor/Resource/LiquidFire Package 4 - BSH games/Devtoid - Gold Coins/3D Assets/Gold Coins/Textures/GoldCoins_Normal.png
  artifactKey: Guid(aeae9eae45236934284be69d210ba275) Importer(815301076,1909f56bfc062723c751e8b465ee728b)
Start importing Assets/victor/Resource/LiquidFire Package 4 - BSH games/Devtoid - Gold Coins/3D Assets/Gold Coins/Textures/GoldCoins_Normal.png using Guid(aeae9eae45236934284be69d210ba275) Importer(815301076,1909f56bfc062723c751e8b465ee728b)  -> (artifact id: '391038fb18d1f4b26c9040021e9bd563') in 0.016605 seconds 
========================================================================
Received Import Request.
  Time since last request: 0.000397 seconds.
  path: Assets/victor/Resource/SkythianCat/Hand_Painted_Nature_Kit_LITE/Textures/Landscape/Grass_landscape03.png
  artifactKey: Guid(7201b213d4cd86d458e701a9a2320483) Importer(815301076,1909f56bfc062723c751e8b465ee728b)
Start importing Assets/victor/Resource/SkythianCat/Hand_Painted_Nature_Kit_LITE/Textures/Landscape/Grass_landscape03.png using Guid(7201b213d4cd86d458e701a9a2320483) Importer(815301076,1909f56bfc062723c751e8b465ee728b)  -> (artifact id: '5bd4563d05b762f8ed9f6fef3c124754') in 0.008550 seconds 
========================================================================
Received Import Request.
  Time since last request: 0.000422 seconds.
  path: Assets/victor/Resource/LiquidFire Package 4 - BSH games/Devtoid - Gold Coins/3D Assets/Gold Coin - Single/Mesh/GoldCoin.fbx
  artifactKey: Guid(5f9ee1799e7f21548ba0dd65ac83ea7f) Importer(815301076,1909f56bfc062723c751e8b465ee728b)
Start importing Assets/victor/Resource/LiquidFire Package 4 - BSH games/Devtoid - Gold Coins/3D Assets/Gold Coin - Single/Mesh/GoldCoin.fbx using Guid(5f9ee1799e7f21548ba0dd65ac83ea7f) Importer(815301076,1909f56bfc062723c751e8b465ee728b)  -> (artifact id: 'b1a1514b277f55000ba08446c004810c') in 0.024083 seconds 
========================================================================
Received Import Request.
  Time since last request: 0.000463 seconds.
  path: Assets/victor/Resource/LiquidFire Package 4 - BSH games/Devtoid - Gold Coins/3D Assets/Gold Coins/Textures/GoldCoins_AlbedoTransparency.png
  artifactKey: Guid(cf08aeb1da73b6142be2a02582dcf194) Importer(815301076,1909f56bfc062723c751e8b465ee728b)
Start importing Assets/victor/Resource/LiquidFire Package 4 - BSH games/Devtoid - Gold Coins/3D Assets/Gold Coins/Textures/GoldCoins_AlbedoTransparency.png using Guid(cf08aeb1da73b6142be2a02582dcf194) Importer(815301076,1909f56bfc062723c751e8b465ee728b)  -> (artifact id: 'c829f6709e1f1453157ce1f759a69c20') in 0.009208 seconds 
========================================================================
Received Import Request.
  Time since last request: 0.000396 seconds.
  path: Assets/Ray/Resource/Textures/Car_6G_D.psd
  artifactKey: Guid(870aa2313f3c49c4882b13dce19e4f9b) Importer(815301076,1909f56bfc062723c751e8b465ee728b)
Start importing Assets/Ray/Resource/Textures/Car_6G_D.psd using Guid(870aa2313f3c49c4882b13dce19e4f9b) Importer(815301076,1909f56bfc062723c751e8b465ee728b)  -> (artifact id: '14ab9101b31dd0eb81aa51e81e107700') in 0.009753 seconds 
========================================================================
Received Import Request.
  Time since last request: 0.000372 seconds.
  path: Assets/victor/Resource/SkythianCat/Hand_Painted_Nature_Kit_LITE/Textures/Larch_branch.png
  artifactKey: Guid(7f6b1fc3e86e86b4497970014d94455a) Importer(815301076,1909f56bfc062723c751e8b465ee728b)
Start importing Assets/victor/Resource/SkythianCat/Hand_Painted_Nature_Kit_LITE/Textures/Larch_branch.png using Guid(7f6b1fc3e86e86b4497970014d94455a) Importer(815301076,1909f56bfc062723c751e8b465ee728b)  -> (artifact id: '41c5fc1905e4b71efc3849e8fb3eecd7') in 0.011542 seconds 
========================================================================
Received Import Request.
  Time since last request: 0.000449 seconds.
  path: Assets/Ray/Resource/Textures/Car_21A_D.psd
  artifactKey: Guid(b0c1e230770189740946357d02271cff) Importer(815301076,1909f56bfc062723c751e8b465ee728b)
Start importing Assets/Ray/Resource/Textures/Car_21A_D.psd using Guid(b0c1e230770189740946357d02271cff) Importer(815301076,1909f56bfc062723c751e8b465ee728b)  -> (artifact id: '84b9f2adeb23abeb2c5225094f3a0816') in 0.009145 seconds 
========================================================================
Received Import Request.
  Time since last request: 0.000410 seconds.
  path: Assets/Ray/Resource/Models/Car_18C.fbx
  artifactKey: Guid(577bfc99767cb1b489b74d381e1a0e5d) Importer(815301076,1909f56bfc062723c751e8b465ee728b)
Start importing Assets/Ray/Resource/Models/Car_18C.fbx using Guid(577bfc99767cb1b489b74d381e1a0e5d) Importer(815301076,1909f56bfc062723c751e8b465ee728b)  -> (artifact id: '65c05b0d88d0ef5dd517dfd314344203') in 0.067474 seconds 
========================================================================
Received Import Request.
  Time since last request: 0.000429 seconds.
  path: Assets/Ray/Resource/Models/Materials/Car_18C_D.mat
  artifactKey: Guid(bc25ea99fab3e4043bc3cffa496df2b0) Importer(815301076,1909f56bfc062723c751e8b465ee728b)
Start importing Assets/Ray/Resource/Models/Materials/Car_18C_D.mat using Guid(bc25ea99fab3e4043bc3cffa496df2b0) Importer(815301076,1909f56bfc062723c751e8b465ee728b)  -> (artifact id: 'e2e482bd421d2c73ead602fa843c2e96') in 0.011073 seconds 
========================================================================
Received Import Request.
  Time since last request: 0.000465 seconds.
  path: Assets/Ray/Cloudy Summer Day Skybox/CloudySummerDaySkybox_down.tga
  artifactKey: Guid(6ccdf4e18ccc29343bfbe45420b3053a) Importer(815301076,1909f56bfc062723c751e8b465ee728b)
Start importing Assets/Ray/Cloudy Summer Day Skybox/CloudySummerDaySkybox_down.tga using Guid(6ccdf4e18ccc29343bfbe45420b3053a) Importer(815301076,1909f56bfc062723c751e8b465ee728b)  -> (artifact id: '6cee3f1eb4673fee0ae17fd1cad806d4') in 0.008809 seconds 
========================================================================
Received Import Request.
  Time since last request: 0.000398 seconds.
  path: Assets/victor/Resource/SkythianCat/Hand_Painted_Nature_Kit_LITE/Prefabs/Cedar03.prefab
  artifactKey: Guid(139dd5681ad53a84fab5db7f67bd7de2) Importer(815301076,1909f56bfc062723c751e8b465ee728b)
Start importing Assets/victor/Resource/SkythianCat/Hand_Painted_Nature_Kit_LITE/Prefabs/Cedar03.prefab using Guid(139dd5681ad53a84fab5db7f67bd7de2) Importer(815301076,1909f56bfc062723c751e8b465ee728b)  -> (artifact id: '380d7b23bef6b9e3932812014e066bc4') in 0.012067 seconds 
========================================================================
Received Import Request.
  Time since last request: 0.000585 seconds.
  path: Assets/Ray/Cloudy Summer Day Skybox/CloudySummerDaySkybox_left.tga
  artifactKey: Guid(6057d411674717846a99c5fcf7baa435) Importer(815301076,1909f56bfc062723c751e8b465ee728b)
Start importing Assets/Ray/Cloudy Summer Day Skybox/CloudySummerDaySkybox_left.tga using Guid(6057d411674717846a99c5fcf7baa435) Importer(815301076,1909f56bfc062723c751e8b465ee728b)  -> (artifact id: '3213d398f0e10dcaf07bd1c2120b9694') in 0.009155 seconds 
========================================================================
Received Import Request.
  Time since last request: 0.000402 seconds.
  path: Assets/victor/Resource/SkythianCat/Hand_Painted_Nature_Kit_LITE/Textures/Fern_branch.png
  artifactKey: Guid(535886e191b2c534d892b54705c8497e) Importer(815301076,1909f56bfc062723c751e8b465ee728b)
Start importing Assets/victor/Resource/SkythianCat/Hand_Painted_Nature_Kit_LITE/Textures/Fern_branch.png using Guid(535886e191b2c534d892b54705c8497e) Importer(815301076,1909f56bfc062723c751e8b465ee728b)  -> (artifact id: '8b1107d0d04c8fd3e0d119dfbc7c6788') in 0.009022 seconds 
========================================================================
Received Import Request.
  Time since last request: 0.000444 seconds.
  path: Assets/victor/Resource/SkythianCat/Hand_Painted_Nature_Kit_LITE/Prefabs/Larch01.prefab
  artifactKey: Guid(2cebbe72b3420fb47b0861343e1b0a46) Importer(815301076,1909f56bfc062723c751e8b465ee728b)
Start importing Assets/victor/Resource/SkythianCat/Hand_Painted_Nature_Kit_LITE/Prefabs/Larch01.prefab using Guid(2cebbe72b3420fb47b0861343e1b0a46) Importer(815301076,1909f56bfc062723c751e8b465ee728b)  -> (artifact id: 'b95879569fcacfd2a74fefedaf465e37') in 0.010412 seconds 
========================================================================
Received Import Request.
  Time since last request: 0.000430 seconds.
  path: Assets/victor/Resource/SkythianCat/Hand_Painted_Nature_Kit_LITE/Meshes/Larch01.fbx
  artifactKey: Guid(59f56164bd1f3ad4b92d7e941d91b7e4) Importer(815301076,1909f56bfc062723c751e8b465ee728b)
Start importing Assets/victor/Resource/SkythianCat/Hand_Painted_Nature_Kit_LITE/Meshes/Larch01.fbx using Guid(59f56164bd1f3ad4b92d7e941d91b7e4) Importer(815301076,1909f56bfc062723c751e8b465ee728b)  -> (artifact id: '3f670a7bc83719c1fed35f8fc41d064e') in 0.015532 seconds 
========================================================================
Received Import Request.
  Time since last request: 0.000424 seconds.
  path: Assets/Ray/Cloudy Summer Day Skybox/CloudySummerDaySkybox_right.tga
  artifactKey: Guid(1d9b5f8d259e6e64ca4b2b567155b6db) Importer(815301076,1909f56bfc062723c751e8b465ee728b)
Start importing Assets/Ray/Cloudy Summer Day Skybox/CloudySummerDaySkybox_right.tga using Guid(1d9b5f8d259e6e64ca4b2b567155b6db) Importer(815301076,1909f56bfc062723c751e8b465ee728b)  -> (artifact id: '119f261c58970d4b86dd2106a59085b9') in 0.010315 seconds 
========================================================================
Received Import Request.
  Time since last request: 0.000426 seconds.
  path: Assets/Ray/Resource/Prefabs/Car_18C.prefab
  artifactKey: Guid(dec6e1dfe0585314386ba9c3b833424a) Importer(815301076,1909f56bfc062723c751e8b465ee728b)
Start importing Assets/Ray/Resource/Prefabs/Car_18C.prefab using Guid(dec6e1dfe0585314386ba9c3b833424a) Importer(815301076,1909f56bfc062723c751e8b465ee728b)  -> (artifact id: '522ea867328a76d9f059b4de36af4ce6') in 0.011832 seconds 
========================================================================
Received Import Request.
  Time since last request: 0.000472 seconds.
  path: Assets/Ray/Resource/Models/Colliders/Gas_Station_1A_MeshCollider.fbx
  artifactKey: Guid(1a69910d73b225a40a47c812379f81df) Importer(815301076,1909f56bfc062723c751e8b465ee728b)
Start importing Assets/Ray/Resource/Models/Colliders/Gas_Station_1A_MeshCollider.fbx using Guid(1a69910d73b225a40a47c812379f81df) Importer(815301076,1909f56bfc062723c751e8b465ee728b)  -> (artifact id: '4c5683eb651a18c8b4ff59db79f1ccb8') in 0.015545 seconds 
========================================================================
Received Import Request.
  Time since last request: 0.000379 seconds.
  path: Assets/Ray/Resource/Models/Car_14I.fbx
  artifactKey: Guid(3e536b21e16197d4c88495c3949a1a9f) Importer(815301076,1909f56bfc062723c751e8b465ee728b)
Start importing Assets/Ray/Resource/Models/Car_14I.fbx using Guid(3e536b21e16197d4c88495c3949a1a9f) Importer(815301076,1909f56bfc062723c751e8b465ee728b)  -> (artifact id: '71df65dd31eb9242dd803bf87d27b4f8') in 0.065070 seconds 
========================================================================
Received Import Request.
  Time since last request: 81.611508 seconds.
  path: Assets/Audio/death.mp3
  artifactKey: Guid(5149da20fc7475648a5cead9eb71e30b) Importer(815301076,1909f56bfc062723c751e8b465ee728b)
Start importing Assets/Audio/death.mp3 using Guid(5149da20fc7475648a5cead9eb71e30b) Importer(815301076,1909f56bfc062723c751e8b465ee728b)  -> (artifact id: '6332345938091a1a4e66012f3d73f365') in 0.015409 seconds 
========================================================================
Received Import Request.
  Time since last request: 0.000429 seconds.
  path: Assets/Audio/SFXFootstepsLooping.wav
  artifactKey: Guid(857c688e7566c404a98e50da48dd170f) Importer(815301076,1909f56bfc062723c751e8b465ee728b)
Start importing Assets/Audio/SFXFootstepsLooping.wav using Guid(857c688e7566c404a98e50da48dd170f) Importer(815301076,1909f56bfc062723c751e8b465ee728b)  -> (artifact id: 'b85f52c9b942fc8c7f39679b226d7489') in 0.039436 seconds 
========================================================================
Received Import Request.
  Time since last request: 0.000438 seconds.
  path: Assets/Audio/SFXGhostMove.wav
  artifactKey: Guid(4b25842a52cd2bb449504924f64e923a) Importer(815301076,1909f56bfc062723c751e8b465ee728b)
Start importing Assets/Audio/SFXGhostMove.wav using Guid(4b25842a52cd2bb449504924f64e923a) Importer(815301076,1909f56bfc062723c751e8b465ee728b)  -> (artifact id: '09045b36eef42c87302c555941c7c119') in 0.015416 seconds 
========================================================================
Received Import Request.
  Time since last request: 0.000520 seconds.
  path: Assets/Audio/dianji.mp3
  artifactKey: Guid(e3d8f5c1d7d33904a97694e6c6add266) Importer(815301076,1909f56bfc062723c751e8b465ee728b)
Start importing Assets/Audio/dianji.mp3 using Guid(e3d8f5c1d7d33904a97694e6c6add266) Importer(815301076,1909f56bfc062723c751e8b465ee728b)  -> (artifact id: 'a8b8ce100df7fd1f5420271dd7db7c3c') in 0.014735 seconds 
========================================================================
Received Import Request.
  Time since last request: 0.000486 seconds.
  path: Assets/Audio/jump.mp3
  artifactKey: Guid(a1eca9c3a7c0bf64482653637864ed8b) Importer(815301076,1909f56bfc062723c751e8b465ee728b)
Start importing Assets/Audio/jump.mp3 using Guid(a1eca9c3a7c0bf64482653637864ed8b) Importer(815301076,1909f56bfc062723c751e8b465ee728b)  -> (artifact id: 'f80a0293e495e32c31ab461605583c5c') in 0.013420 seconds 
========================================================================
Received Prepare
Registering precompiled user dll's ...
Registered in 0.003697 seconds.
Begin MonoManager ReloadAssembly
Native extension for WindowsStandalone target not found
Native extension for WebGL target not found
Refreshing native plugins compatible for Editor in 0.61 ms, found 2 plugins.
Preloading 0 native plugins for Editor in 0.00 ms.
Mono: successfully reloaded assembly
- Completed reload, in  1.518 seconds
Domain Reload Profiling:
	ReloadAssembly (1519ms)
		BeginReloadAssembly (186ms)
			ExecutionOrderSort (0ms)
			DisableScriptedObjects (6ms)
			BackupInstance (0ms)
			ReleaseScriptingObjects (0ms)
			CreateAndSetChildDomain (47ms)
		EndReloadAssembly (1249ms)
			LoadAssemblies (162ms)
			RebuildTransferFunctionScriptingTraits (0ms)
			SetupTypeCache (435ms)
			ReleaseScriptCaches (1ms)
			RebuildScriptCaches (69ms)
			SetupLoadedEditorAssemblies (475ms)
				LogAssemblyErrors (0ms)
				InitializePlatformSupportModulesInManaged (8ms)
				SetLoadedEditorAssemblies (1ms)
				RefreshPlugins (1ms)
				BeforeProcessingInitializeOnLoad (117ms)
				ProcessInitializeOnLoadAttributes (332ms)
				ProcessInitializeOnLoadMethodAttributes (12ms)
				AfterProcessingInitializeOnLoad (4ms)
				EditorAssembliesLoaded (0ms)
			ExecutionOrderSort2 (0ms)
			AwakeInstancesAfterBackupRestoration (10ms)
Platform modules already initialized, skipping
Refreshing native plugins compatible for Editor in 0.54 ms, found 2 plugins.
Preloading 0 native plugins for Editor in 0.00 ms.
Unloading 1993 Unused Serialized files (Serialized files now loaded: 0)
System memory in use before: 123.0 MB.
System memory in use after: 123.1 MB.

Unloading 13 unused Assets to reduce memory usage. Loaded Objects now: 2554.
Total: 4.262900 ms (FindLiveObjects: 0.203800 ms CreateObjectMapping: 0.102300 ms MarkObjects: 3.920900 ms  DeleteObjects: 0.034600 ms)

AssetImportParameters requested are different than current active one (requested -> active):
  custom:framework-win-MediaFoundation: 216162199b28c13a410421893ffa2e32 -> 
  custom:video-decoder-ogg-theora: a1e56fd34408186e4bbccfd4996cb3dc -> 
  custom:container-muxer-webm: aa71ff27fc2769a1b78a27578f13a17b -> 
  custom:container-demuxer-webm: 4f35f7cbe854078d1ac9338744f61a02 -> 
  custom:container-demuxer-ogg: 62fdf1f143b41e24485cea50d1cbac27 -> 
  custom:video-encoder-webm-vp8: eb34c28f22e8b96e1ab97ce403110664 -> 
  custom:video-codec-MediaFoundation-h265: 746d11721c4dcdbdad8f713fa42b33f4 -> 
  custom:video-decoder-webm-vp8: 9c59270c3fd7afecdb556c50c9e8de78 -> 
  custom:audio-decoder-ogg-vorbis: bf7c407c2cedff20999df2af8eb42d56 -> 
  custom:audio-encoder-webm-vorbis: bf7c407c2cedff20999df2af8eb42d56 -> 
========================================================================
Received Prepare
Registering precompiled user dll's ...
Registered in 0.003014 seconds.
Begin MonoManager ReloadAssembly
Native extension for WindowsStandalone target not found
Native extension for WebGL target not found
Refreshing native plugins compatible for Editor in 0.51 ms, found 2 plugins.
Preloading 0 native plugins for Editor in 0.00 ms.
Mono: successfully reloaded assembly
- Completed reload, in  1.459 seconds
Domain Reload Profiling:
	ReloadAssembly (1459ms)
		BeginReloadAssembly (180ms)
			ExecutionOrderSort (0ms)
			DisableScriptedObjects (6ms)
			BackupInstance (0ms)
			ReleaseScriptingObjects (0ms)
			CreateAndSetChildDomain (43ms)
		EndReloadAssembly (1192ms)
			LoadAssemblies (165ms)
			RebuildTransferFunctionScriptingTraits (0ms)
			SetupTypeCache (410ms)
			ReleaseScriptCaches (1ms)
			RebuildScriptCaches (63ms)
			SetupLoadedEditorAssemblies (443ms)
				LogAssemblyErrors (0ms)
				InitializePlatformSupportModulesInManaged (7ms)
				SetLoadedEditorAssemblies (1ms)
				RefreshPlugins (1ms)
				BeforeProcessingInitializeOnLoad (105ms)
				ProcessInitializeOnLoadAttributes (312ms)
				ProcessInitializeOnLoadMethodAttributes (13ms)
				AfterProcessingInitializeOnLoad (4ms)
				EditorAssembliesLoaded (0ms)
			ExecutionOrderSort2 (0ms)
			AwakeInstancesAfterBackupRestoration (11ms)
Platform modules already initialized, skipping
Refreshing native plugins compatible for Editor in 0.47 ms, found 2 plugins.
Preloading 0 native plugins for Editor in 0.00 ms.
Unloading 1992 Unused Serialized files (Serialized files now loaded: 0)
System memory in use before: 123.0 MB.
System memory in use after: 123.1 MB.

Unloading 12 unused Assets to reduce memory usage. Loaded Objects now: 2556.
Total: 4.067900 ms (FindLiveObjects: 0.190300 ms CreateObjectMapping: 0.126600 ms MarkObjects: 3.720300 ms  DeleteObjects: 0.028800 ms)

AssetImportParameters requested are different than current active one (requested -> active):
  custom:framework-win-MediaFoundation: 216162199b28c13a410421893ffa2e32 -> 
  custom:video-decoder-ogg-theora: a1e56fd34408186e4bbccfd4996cb3dc -> 
  custom:container-muxer-webm: aa71ff27fc2769a1b78a27578f13a17b -> 
  custom:container-demuxer-webm: 4f35f7cbe854078d1ac9338744f61a02 -> 
  custom:container-demuxer-ogg: 62fdf1f143b41e24485cea50d1cbac27 -> 
  custom:video-encoder-webm-vp8: eb34c28f22e8b96e1ab97ce403110664 -> 
  custom:video-codec-MediaFoundation-h265: 746d11721c4dcdbdad8f713fa42b33f4 -> 
  custom:video-decoder-webm-vp8: 9c59270c3fd7afecdb556c50c9e8de78 -> 
  custom:audio-decoder-ogg-vorbis: bf7c407c2cedff20999df2af8eb42d56 -> 
  custom:audio-encoder-webm-vorbis: bf7c407c2cedff20999df2af8eb42d56 -> 
========================================================================
Received Import Request.
  Time since last request: 239.882989 seconds.
  path: Assets/Scenes/muen.unity
  artifactKey: Guid(e3213b0be318403419054fe420168559) Importer(815301076,1909f56bfc062723c751e8b465ee728b)
Start importing Assets/Scenes/muen.unity using Guid(e3213b0be318403419054fe420168559) Importer(815301076,1909f56bfc062723c751e8b465ee728b)  -> (artifact id: '923a28bf5cf9960f6fa47f056c2adb78') in 0.095384 seconds 
========================================================================
Received Import Request.
  Time since last request: 38.046228 seconds.
  path: Assets/Scenes/RayScene.unity
  artifactKey: Guid(e829fc003f55a624aa466d6e58629399) Importer(815301076,1909f56bfc062723c751e8b465ee728b)
Start importing Assets/Scenes/RayScene.unity using Guid(e829fc003f55a624aa466d6e58629399) Importer(815301076,1909f56bfc062723c751e8b465ee728b)  -> (artifact id: '6012320c4a8848786ab1c1a7ea7b6558') in 0.005116 seconds 
========================================================================
Received Prepare
Registering precompiled user dll's ...
Registered in 0.002848 seconds.
Begin MonoManager ReloadAssembly
Native extension for WindowsStandalone target not found
Native extension for WebGL target not found
Refreshing native plugins compatible for Editor in 0.46 ms, found 2 plugins.
Preloading 0 native plugins for Editor in 0.00 ms.
Mono: successfully reloaded assembly
- Completed reload, in  1.166 seconds
Domain Reload Profiling:
	ReloadAssembly (1167ms)
		BeginReloadAssembly (150ms)
			ExecutionOrderSort (0ms)
			DisableScriptedObjects (6ms)
			BackupInstance (0ms)
			ReleaseScriptingObjects (0ms)
			CreateAndSetChildDomain (37ms)
		EndReloadAssembly (952ms)
			LoadAssemblies (127ms)
			RebuildTransferFunctionScriptingTraits (0ms)
			SetupTypeCache (333ms)
			ReleaseScriptCaches (1ms)
			RebuildScriptCaches (49ms)
			SetupLoadedEditorAssemblies (356ms)
				LogAssemblyErrors (0ms)
				InitializePlatformSupportModulesInManaged (6ms)
				SetLoadedEditorAssemblies (1ms)
				RefreshPlugins (1ms)
				BeforeProcessingInitializeOnLoad (87ms)
				ProcessInitializeOnLoadAttributes (250ms)
				ProcessInitializeOnLoadMethodAttributes (10ms)
				AfterProcessingInitializeOnLoad (3ms)
				EditorAssembliesLoaded (0ms)
			ExecutionOrderSort2 (0ms)
			AwakeInstancesAfterBackupRestoration (8ms)
Platform modules already initialized, skipping
Refreshing native plugins compatible for Editor in 0.51 ms, found 2 plugins.
Preloading 0 native plugins for Editor in 0.00 ms.
Unloading 1992 Unused Serialized files (Serialized files now loaded: 0)
System memory in use before: 123.0 MB.
System memory in use after: 123.2 MB.

Unloading 12 unused Assets to reduce memory usage. Loaded Objects now: 2558.
Total: 3.415900 ms (FindLiveObjects: 0.188300 ms CreateObjectMapping: 0.102000 ms MarkObjects: 3.098400 ms  DeleteObjects: 0.026300 ms)

AssetImportParameters requested are different than current active one (requested -> active):
  custom:framework-win-MediaFoundation: 216162199b28c13a410421893ffa2e32 -> 
  custom:video-decoder-ogg-theora: a1e56fd34408186e4bbccfd4996cb3dc -> 
  custom:container-muxer-webm: aa71ff27fc2769a1b78a27578f13a17b -> 
  custom:container-demuxer-webm: 4f35f7cbe854078d1ac9338744f61a02 -> 
  custom:container-demuxer-ogg: 62fdf1f143b41e24485cea50d1cbac27 -> 
  custom:video-encoder-webm-vp8: eb34c28f22e8b96e1ab97ce403110664 -> 
  custom:video-codec-MediaFoundation-h265: 746d11721c4dcdbdad8f713fa42b33f4 -> 
  custom:video-decoder-webm-vp8: 9c59270c3fd7afecdb556c50c9e8de78 -> 
  custom:audio-decoder-ogg-vorbis: bf7c407c2cedff20999df2af8eb42d56 -> 
  custom:audio-encoder-webm-vorbis: bf7c407c2cedff20999df2af8eb42d56 -> 
========================================================================
Received Import Request.
  Time since last request: 55.522767 seconds.
  path: Assets/Scenes/Michael.unity
  artifactKey: Guid(9ee5bcfa5b3e3284aa3b8bde97ed1042) Importer(815301076,1909f56bfc062723c751e8b465ee728b)
Start importing Assets/Scenes/Michael.unity using Guid(9ee5bcfa5b3e3284aa3b8bde97ed1042) Importer(815301076,1909f56bfc062723c751e8b465ee728b)  -> (artifact id: '1b1fff645967c4825702d51d3f1cd2cb') in 0.022492 seconds 
========================================================================
Received Import Request.
  Time since last request: 47.489311 seconds.
  path: Assets/Scenes/victorStart.unity
  artifactKey: Guid(4a9952fbb1348054487e56425547d271) Importer(815301076,1909f56bfc062723c751e8b465ee728b)
Start importing Assets/Scenes/victorStart.unity using Guid(4a9952fbb1348054487e56425547d271) Importer(815301076,1909f56bfc062723c751e8b465ee728b)  -> (artifact id: '0eb10c171242dd1699189e49140b23cb') in 0.007409 seconds 
========================================================================
Received Import Request.
  Time since last request: 27.658355 seconds.
  path: Assets/Scenes/victorGame.unity
  artifactKey: Guid(1036ed46dfe8e2542bb3c51eb9974aa6) Importer(815301076,1909f56bfc062723c751e8b465ee728b)
Start importing Assets/Scenes/victorGame.unity using Guid(1036ed46dfe8e2542bb3c51eb9974aa6) Importer(815301076,1909f56bfc062723c751e8b465ee728b)  -> (artifact id: 'c3b8a18b7b2049d48805b1bfe222bd1a') in 0.009726 seconds 
========================================================================
Received Import Request.
  Time since last request: 41.122469 seconds.
  path: Assets/Scenes/RayScene.unity
  artifactKey: Guid(e829fc003f55a624aa466d6e58629399) Importer(815301076,1909f56bfc062723c751e8b465ee728b)
Start importing Assets/Scenes/RayScene.unity using Guid(e829fc003f55a624aa466d6e58629399) Importer(815301076,1909f56bfc062723c751e8b465ee728b)  -> (artifact id: '829777f94fb045e2020efb059e2a462d') in 0.006481 seconds 
AssetImportWorkerClient::OnTransportError - code=2 error=End of file
