Using pre-set license
Built from '2020.3/china_unity/release' branch; Version is '2020.3.30f1c1 (b9cd9c36b8f8) revision 12176796'; Using compiler version '192528614'; Build Type 'Release'
OS: 'Windows 10  (10.0.19044) 64bit CoreCountrySpecific' Language: 'zh' Physical Memory: 16304 MB
BatchMode: 1, IsHumanControllingUs: 0, StartBugReporterOnCrash: 0, Is64bit: 1, IsPro: 0

COMMAND LINE ARGUMENTS:
G:\Unity\123\2020.3.30f1c1\Editor\Unity.exe
-adb2
-batchMode
-noUpm
-name
AssetImportWorker0
-projectPath
G:/CTeam/Lei-Yang-Team
-logFile
Logs/AssetImportWorker0.log
-srvPort
58149
Successfully changed project path to: G:/CTeam/Lei-Yang-Team
G:/CTeam/Lei-Yang-Team
Using Asset Import Pipeline V2.
AS: AutoStreaming module initializing.Refreshing native plugins compatible for Editor in 46.68 ms, found 2 plugins.
Preloading 0 native plugins for Editor in 0.00 ms.
Initialize engine version: 2020.3.30f1c1 (b9cd9c36b8f8)
[Subsystems] Discovering subsystems at path G:/Unity/123/2020.3.30f1c1/Editor/Data/Resources/UnitySubsystems
[Subsystems] Discovering subsystems at path G:/CTeam/Lei-Yang-Team/Assets
GfxDevice: creating device client; threaded=0
Direct3D:
    Version:  Direct3D 11.0 [level 11.1]
    Renderer: NVIDIA GeForce GTX 1650 (ID=0x1f91)
    Vendor:   
    VRAM:     3962 MB
    Driver:   30.0.14.7111
Initialize mono
Mono path[0] = 'G:/Unity/123/2020.3.30f1c1/Editor/Data/Managed'
Mono path[1] = 'G:/Unity/123/2020.3.30f1c1/Editor/Data/MonoBleedingEdge/lib/mono/unityjit'
Mono config path = 'G:/Unity/123/2020.3.30f1c1/Editor/Data/MonoBleedingEdge/etc'
Using monoOptions --debugger-agent=transport=dt_socket,embedding=1,server=y,suspend=n,address=127.0.0.1:56380
Begin MonoManager ReloadAssembly
Registering precompiled unity dll's ...
Register platform support module: G:/Unity/123/2020.3.30f1c1/Editor/Data/PlaybackEngines/WebGLSupport/UnityEditor.WebGL.Extensions.dll
Register platform support module: G:/Unity/123/2020.3.30f1c1/Editor/Data/PlaybackEngines/WindowsStandaloneSupport/UnityEditor.WindowsStandalone.Extensions.dll
Registered in 0.002626 seconds.
Native extension for WindowsStandalone target not found
Native extension for WebGL target not found
Refreshing native plugins compatible for Editor in 47.54 ms, found 2 plugins.
Preloading 0 native plugins for Editor in 0.00 ms.
Mono: successfully reloaded assembly
- Completed reload, in  0.930 seconds
Domain Reload Profiling:
	ReloadAssembly (930ms)
		BeginReloadAssembly (114ms)
			ExecutionOrderSort (0ms)
			DisableScriptedObjects (0ms)
			BackupInstance (0ms)
			ReleaseScriptingObjects (0ms)
			CreateAndSetChildDomain (1ms)
		EndReloadAssembly (691ms)
			LoadAssemblies (115ms)
			RebuildTransferFunctionScriptingTraits (0ms)
			SetupTypeCache (229ms)
			ReleaseScriptCaches (0ms)
			RebuildScriptCaches (47ms)
			SetupLoadedEditorAssemblies (253ms)
				LogAssemblyErrors (0ms)
				InitializePlatformSupportModulesInManaged (8ms)
				SetLoadedEditorAssemblies (0ms)
				RefreshPlugins (48ms)
				BeforeProcessingInitializeOnLoad (26ms)
				ProcessInitializeOnLoadAttributes (130ms)
				ProcessInitializeOnLoadMethodAttributes (41ms)
				AfterProcessingInitializeOnLoad (0ms)
				EditorAssembliesLoaded (0ms)
			ExecutionOrderSort2 (0ms)
			AwakeInstancesAfterBackupRestoration (0ms)
Platform modules already initialized, skipping
Registering precompiled user dll's ...
Registered in 0.003587 seconds.
Begin MonoManager ReloadAssembly
Native extension for WindowsStandalone target not found
Native extension for WebGL target not found
Refreshing native plugins compatible for Editor in 0.41 ms, found 2 plugins.
Preloading 0 native plugins for Editor in 0.00 ms.
Mono: successfully reloaded assembly
- Completed reload, in  1.589 seconds
Domain Reload Profiling:
	ReloadAssembly (1590ms)
		BeginReloadAssembly (243ms)
			ExecutionOrderSort (0ms)
			DisableScriptedObjects (7ms)
			BackupInstance (0ms)
			ReleaseScriptingObjects (0ms)
			CreateAndSetChildDomain (26ms)
		EndReloadAssembly (1263ms)
			LoadAssemblies (153ms)
			RebuildTransferFunctionScriptingTraits (0ms)
			SetupTypeCache (449ms)
			ReleaseScriptCaches (1ms)
			RebuildScriptCaches (77ms)
			SetupLoadedEditorAssemblies (454ms)
				LogAssemblyErrors (0ms)
				InitializePlatformSupportModulesInManaged (8ms)
				SetLoadedEditorAssemblies (1ms)
				RefreshPlugins (1ms)
				BeforeProcessingInitializeOnLoad (120ms)
				ProcessInitializeOnLoadAttributes (307ms)
				ProcessInitializeOnLoadMethodAttributes (13ms)
				AfterProcessingInitializeOnLoad (4ms)
				EditorAssembliesLoaded (0ms)
			ExecutionOrderSort2 (0ms)
			AwakeInstancesAfterBackupRestoration (9ms)
Platform modules already initialized, skipping
========================================================================
Worker process is ready to serve import requests
Launched and connected shader compiler UnityShaderCompiler.exe after 0.08 seconds
Refreshing native plugins compatible for Editor in 0.42 ms, found 2 plugins.
Preloading 0 native plugins for Editor in 0.00 ms.
Unloading 1502 Unused Serialized files (Serialized files now loaded: 0)
System memory in use before: 70.2 MB.
System memory in use after: 70.2 MB.

Unloading 16 unused Assets to reduce memory usage. Loaded Objects now: 1939.
Total: 3.774200 ms (FindLiveObjects: 0.157800 ms CreateObjectMapping: 0.067900 ms MarkObjects: 3.465900 ms  DeleteObjects: 0.081800 ms)

AssetImportParameters requested are different than current active one (requested -> active):
  custom:framework-win-MediaFoundation: 216162199b28c13a410421893ffa2e32 -> 
  custom:video-decoder-ogg-theora: a1e56fd34408186e4bbccfd4996cb3dc -> 
  custom:container-muxer-webm: aa71ff27fc2769a1b78a27578f13a17b -> 
  custom:container-demuxer-webm: 4f35f7cbe854078d1ac9338744f61a02 -> 
  custom:container-demuxer-ogg: 62fdf1f143b41e24485cea50d1cbac27 -> 
  custom:video-encoder-webm-vp8: eb34c28f22e8b96e1ab97ce403110664 -> 
  custom:video-codec-MediaFoundation-h265: 746d11721c4dcdbdad8f713fa42b33f4 -> 
  custom:video-decoder-webm-vp8: 9c59270c3fd7afecdb556c50c9e8de78 -> 
  custom:audio-decoder-ogg-vorbis: bf7c407c2cedff20999df2af8eb42d56 -> 
  custom:audio-encoder-webm-vorbis: bf7c407c2cedff20999df2af8eb42d56 -> 
========================================================================
Received Import Request.
  path: Assets/BG.jpg
  artifactKey: Guid(1a242195f1c58eb4ebe65af935d6a5ab) Importer(815301076,1909f56bfc062723c751e8b465ee728b)
Start importing Assets/BG.jpg using Guid(1a242195f1c58eb4ebe65af935d6a5ab) Importer(815301076,1909f56bfc062723c751e8b465ee728b)  -> (artifact id: '004ada1a2775fa89b2397fcb9c90d409') in 0.172277 seconds 
========================================================================
Received Import Request.
  Time since last request: 99.172776 seconds.
  path: Assets/New Folder
  artifactKey: Guid(56c50f66f6d571f419b7ac34fa40cca6) Importer(815301076,1909f56bfc062723c751e8b465ee728b)
Start importing Assets/New Folder using Guid(56c50f66f6d571f419b7ac34fa40cca6) Importer(815301076,1909f56bfc062723c751e8b465ee728b)  -> (artifact id: 'e3940a30fa6de0d5abeb3b34d6ff1a63') in 0.002260 seconds 
========================================================================
Received Import Request.
  Time since last request: 26.032068 seconds.
  path: Assets/picture
  artifactKey: Guid(56c50f66f6d571f419b7ac34fa40cca6) Importer(815301076,1909f56bfc062723c751e8b465ee728b)
Start importing Assets/picture using Guid(56c50f66f6d571f419b7ac34fa40cca6) Importer(815301076,1909f56bfc062723c751e8b465ee728b)  -> (artifact id: '54889a245688d5dd2db56e109377ebdd') in 0.004123 seconds 
========================================================================
Received Import Request.
  Time since last request: 39.570485 seconds.
  path: Assets/picture/BG.jpg
  artifactKey: Guid(1a242195f1c58eb4ebe65af935d6a5ab) Importer(815301076,1909f56bfc062723c751e8b465ee728b)
Start importing Assets/picture/BG.jpg using Guid(1a242195f1c58eb4ebe65af935d6a5ab) Importer(815301076,1909f56bfc062723c751e8b465ee728b)  -> (artifact id: 'e14f2c2f665938ce00a6615456594a8a') in 0.042912 seconds 
========================================================================
Received Import Request.
  Time since last request: 77.722467 seconds.
  path: Assets/picture/BG.jpg
  artifactKey: Guid(1a242195f1c58eb4ebe65af935d6a5ab) Importer(815301076,1909f56bfc062723c751e8b465ee728b)
Start importing Assets/picture/BG.jpg using Guid(1a242195f1c58eb4ebe65af935d6a5ab) Importer(815301076,1909f56bfc062723c751e8b465ee728b)  -> (artifact id: '5ec6a45c4d435bc6664830a2d7e008f0') in 0.035412 seconds 
AssetImportWorkerClient::OnTransportError - code=2 error=End of file
